<?xml version="1.0" encoding="UTF-8"?>
<testsuite name="com.csc.TestReportGenerator" tests="1" skipped="0" failures="0" errors="0" timestamp="2024-09-20T18:23:02" hostname="Bens-Air.attlocal.net" time="0.007">
  <properties/>
  <testcase name="TestReportGeneratorForFortyHoursWorkedandOneDependent()" classname="com.csc.TestReportGenerator" time="0.007"/>
  <system-out><![CDATA[]]></system-out>
  <system-err><![CDATA[]]></system-err>
</testsuite>
